initial accuracy: 85.31%
apgd-ce - 1/43 - 65 out of 200 successfully perturbed
apgd-ce - 2/43 - 64 out of 200 successfully perturbed
apgd-ce - 3/43 - 52 out of 200 successfully perturbed
apgd-ce - 4/43 - 62 out of 200 successfully perturbed
apgd-ce - 5/43 - 49 out of 200 successfully perturbed
apgd-ce - 6/43 - 52 out of 200 successfully perturbed
apgd-ce - 7/43 - 62 out of 200 successfully perturbed
apgd-ce - 8/43 - 58 out of 200 successfully perturbed
apgd-ce - 9/43 - 55 out of 200 successfully perturbed
apgd-ce - 10/43 - 56 out of 200 successfully perturbed
apgd-ce - 11/43 - 70 out of 200 successfully perturbed
apgd-ce - 12/43 - 57 out of 200 successfully perturbed
apgd-ce - 13/43 - 58 out of 200 successfully perturbed
apgd-ce - 14/43 - 59 out of 200 successfully perturbed
apgd-ce - 15/43 - 52 out of 200 successfully perturbed
apgd-ce - 16/43 - 56 out of 200 successfully perturbed
apgd-ce - 17/43 - 72 out of 200 successfully perturbed
apgd-ce - 18/43 - 49 out of 200 successfully perturbed
apgd-ce - 19/43 - 55 out of 200 successfully perturbed
apgd-ce - 20/43 - 62 out of 200 successfully perturbed
apgd-ce - 21/43 - 55 out of 200 successfully perturbed
apgd-ce - 22/43 - 69 out of 200 successfully perturbed
apgd-ce - 23/43 - 56 out of 200 successfully perturbed
apgd-ce - 24/43 - 64 out of 200 successfully perturbed
apgd-ce - 25/43 - 51 out of 200 successfully perturbed
apgd-ce - 26/43 - 58 out of 200 successfully perturbed
apgd-ce - 27/43 - 55 out of 200 successfully perturbed
apgd-ce - 28/43 - 56 out of 200 successfully perturbed
apgd-ce - 29/43 - 58 out of 200 successfully perturbed
apgd-ce - 30/43 - 64 out of 200 successfully perturbed
apgd-ce - 31/43 - 63 out of 200 successfully perturbed
apgd-ce - 32/43 - 66 out of 200 successfully perturbed
apgd-ce - 33/43 - 52 out of 200 successfully perturbed
apgd-ce - 34/43 - 58 out of 200 successfully perturbed
apgd-ce - 35/43 - 61 out of 200 successfully perturbed
apgd-ce - 36/43 - 78 out of 200 successfully perturbed
apgd-ce - 37/43 - 64 out of 200 successfully perturbed
apgd-ce - 38/43 - 62 out of 200 successfully perturbed
apgd-ce - 39/43 - 63 out of 200 successfully perturbed
apgd-ce - 40/43 - 58 out of 200 successfully perturbed
apgd-ce - 41/43 - 60 out of 200 successfully perturbed
apgd-ce - 42/43 - 65 out of 200 successfully perturbed
apgd-ce - 43/43 - 32 out of 131 successfully perturbed
robust accuracy after APGD-CE: 59.98% (total time 1523.9 s)
apgd-t - 1/30 - 12 out of 200 successfully perturbed
apgd-t - 2/30 - 13 out of 200 successfully perturbed
apgd-t - 3/30 - 9 out of 200 successfully perturbed
apgd-t - 4/30 - 12 out of 200 successfully perturbed
apgd-t - 5/30 - 13 out of 200 successfully perturbed
apgd-t - 6/30 - 11 out of 200 successfully perturbed
apgd-t - 7/30 - 7 out of 200 successfully perturbed
apgd-t - 8/30 - 8 out of 200 successfully perturbed
apgd-t - 9/30 - 11 out of 200 successfully perturbed
apgd-t - 10/30 - 8 out of 200 successfully perturbed
apgd-t - 11/30 - 4 out of 200 successfully perturbed
apgd-t - 12/30 - 11 out of 200 successfully perturbed
apgd-t - 13/30 - 7 out of 200 successfully perturbed
apgd-t - 14/30 - 7 out of 200 successfully perturbed
apgd-t - 15/30 - 7 out of 200 successfully perturbed
apgd-t - 16/30 - 15 out of 200 successfully perturbed
apgd-t - 17/30 - 12 out of 200 successfully perturbed
apgd-t - 18/30 - 9 out of 200 successfully perturbed
apgd-t - 19/30 - 16 out of 200 successfully perturbed
apgd-t - 20/30 - 14 out of 200 successfully perturbed
apgd-t - 21/30 - 11 out of 200 successfully perturbed
apgd-t - 22/30 - 6 out of 200 successfully perturbed
apgd-t - 23/30 - 7 out of 200 successfully perturbed
apgd-t - 24/30 - 7 out of 200 successfully perturbed
apgd-t - 25/30 - 11 out of 200 successfully perturbed
apgd-t - 26/30 - 7 out of 200 successfully perturbed
apgd-t - 27/30 - 8 out of 200 successfully perturbed
apgd-t - 28/30 - 8 out of 200 successfully perturbed
apgd-t - 29/30 - 9 out of 200 successfully perturbed
apgd-t - 30/30 - 9 out of 198 successfully perturbed
robust accuracy after APGD-T: 57.09% (total time 10846.0 s)
fab-t - 1/29 - 0 out of 200 successfully perturbed
fab-t - 2/29 - 0 out of 200 successfully perturbed
fab-t - 3/29 - 0 out of 200 successfully perturbed
fab-t - 4/29 - 0 out of 200 successfully perturbed
fab-t - 5/29 - 0 out of 200 successfully perturbed
fab-t - 6/29 - 0 out of 200 successfully perturbed
fab-t - 7/29 - 0 out of 200 successfully perturbed
fab-t - 8/29 - 0 out of 200 successfully perturbed
fab-t - 9/29 - 0 out of 200 successfully perturbed
fab-t - 10/29 - 0 out of 200 successfully perturbed
fab-t - 11/29 - 0 out of 200 successfully perturbed
fab-t - 12/29 - 0 out of 200 successfully perturbed
fab-t - 13/29 - 0 out of 200 successfully perturbed
fab-t - 14/29 - 0 out of 200 successfully perturbed
fab-t - 15/29 - 0 out of 200 successfully perturbed
fab-t - 16/29 - 0 out of 200 successfully perturbed
fab-t - 17/29 - 0 out of 200 successfully perturbed
fab-t - 18/29 - 0 out of 200 successfully perturbed
fab-t - 19/29 - 0 out of 200 successfully perturbed
fab-t - 20/29 - 0 out of 200 successfully perturbed
fab-t - 21/29 - 0 out of 200 successfully perturbed
fab-t - 22/29 - 0 out of 200 successfully perturbed
fab-t - 23/29 - 0 out of 200 successfully perturbed
fab-t - 24/29 - 0 out of 200 successfully perturbed
fab-t - 25/29 - 0 out of 200 successfully perturbed
fab-t - 26/29 - 0 out of 200 successfully perturbed
fab-t - 27/29 - 0 out of 200 successfully perturbed
fab-t - 28/29 - 0 out of 200 successfully perturbed
fab-t - 29/29 - 0 out of 109 successfully perturbed
robust accuracy after FAB-T: 57.09% (total time 22272.8 s)
square - 1/29 - 0 out of 200 successfully perturbed
square - 2/29 - 0 out of 200 successfully perturbed
square - 3/29 - 0 out of 200 successfully perturbed
square - 4/29 - 0 out of 200 successfully perturbed
square - 5/29 - 0 out of 200 successfully perturbed
square - 6/29 - 0 out of 200 successfully perturbed
square - 7/29 - 0 out of 200 successfully perturbed
square - 8/29 - 0 out of 200 successfully perturbed
square - 9/29 - 0 out of 200 successfully perturbed
square - 10/29 - 0 out of 200 successfully perturbed
square - 11/29 - 0 out of 200 successfully perturbed
square - 12/29 - 0 out of 200 successfully perturbed
square - 13/29 - 0 out of 200 successfully perturbed
square - 14/29 - 0 out of 200 successfully perturbed
square - 15/29 - 0 out of 200 successfully perturbed
square - 16/29 - 0 out of 200 successfully perturbed
square - 17/29 - 0 out of 200 successfully perturbed
square - 18/29 - 0 out of 200 successfully perturbed
square - 19/29 - 0 out of 200 successfully perturbed
square - 20/29 - 0 out of 200 successfully perturbed
square - 21/29 - 0 out of 200 successfully perturbed
square - 22/29 - 0 out of 200 successfully perturbed
square - 23/29 - 0 out of 200 successfully perturbed
square - 24/29 - 0 out of 200 successfully perturbed
square - 25/29 - 0 out of 200 successfully perturbed
square - 26/29 - 0 out of 200 successfully perturbed
square - 27/29 - 0 out of 200 successfully perturbed
square - 28/29 - 0 out of 200 successfully perturbed
square - 29/29 - 0 out of 109 successfully perturbed
robust accuracy after SQUARE: 57.09% (total time 34647.0 s)
max Linf perturbation: 0.03137, nan in tensor: 0, max: 1.00000, min: 0.00000
robust accuracy: 57.09%
