initial accuracy: 66.51%
apgd-ce - 1/34 - 87 out of 200 successfully perturbed
apgd-ce - 2/34 - 106 out of 200 successfully perturbed
apgd-ce - 3/34 - 89 out of 200 successfully perturbed
apgd-ce - 4/34 - 104 out of 200 successfully perturbed
apgd-ce - 5/34 - 92 out of 200 successfully perturbed
apgd-ce - 6/34 - 92 out of 200 successfully perturbed
apgd-ce - 7/34 - 88 out of 200 successfully perturbed
apgd-ce - 8/34 - 87 out of 200 successfully perturbed
apgd-ce - 9/34 - 97 out of 200 successfully perturbed
apgd-ce - 10/34 - 87 out of 200 successfully perturbed
apgd-ce - 11/34 - 106 out of 200 successfully perturbed
apgd-ce - 12/34 - 95 out of 200 successfully perturbed
apgd-ce - 13/34 - 81 out of 200 successfully perturbed
apgd-ce - 14/34 - 89 out of 200 successfully perturbed
apgd-ce - 15/34 - 99 out of 200 successfully perturbed
apgd-ce - 16/34 - 94 out of 200 successfully perturbed
apgd-ce - 17/34 - 93 out of 200 successfully perturbed
apgd-ce - 18/34 - 99 out of 200 successfully perturbed
apgd-ce - 19/34 - 99 out of 200 successfully perturbed
apgd-ce - 20/34 - 95 out of 200 successfully perturbed
apgd-ce - 21/34 - 96 out of 200 successfully perturbed
apgd-ce - 22/34 - 87 out of 200 successfully perturbed
apgd-ce - 23/34 - 79 out of 200 successfully perturbed
apgd-ce - 24/34 - 82 out of 200 successfully perturbed
apgd-ce - 25/34 - 112 out of 200 successfully perturbed
apgd-ce - 26/34 - 89 out of 200 successfully perturbed
apgd-ce - 27/34 - 90 out of 200 successfully perturbed
apgd-ce - 28/34 - 87 out of 200 successfully perturbed
apgd-ce - 29/34 - 101 out of 200 successfully perturbed
apgd-ce - 30/34 - 99 out of 200 successfully perturbed
apgd-ce - 31/34 - 99 out of 200 successfully perturbed
apgd-ce - 32/34 - 92 out of 200 successfully perturbed
apgd-ce - 33/34 - 86 out of 200 successfully perturbed
apgd-ce - 34/34 - 29 out of 51 successfully perturbed
robust accuracy after APGD-CE: 35.44% (total time 1186.2 s)
apgd-t - 1/18 - 24 out of 200 successfully perturbed
apgd-t - 2/18 - 23 out of 200 successfully perturbed
apgd-t - 3/18 - 22 out of 200 successfully perturbed
apgd-t - 4/18 - 18 out of 200 successfully perturbed
apgd-t - 5/18 - 24 out of 200 successfully perturbed
apgd-t - 6/18 - 18 out of 200 successfully perturbed
apgd-t - 7/18 - 20 out of 200 successfully perturbed
apgd-t - 8/18 - 23 out of 200 successfully perturbed
apgd-t - 9/18 - 18 out of 200 successfully perturbed
apgd-t - 10/18 - 23 out of 200 successfully perturbed
apgd-t - 11/18 - 24 out of 200 successfully perturbed
apgd-t - 12/18 - 27 out of 200 successfully perturbed
apgd-t - 13/18 - 28 out of 200 successfully perturbed
apgd-t - 14/18 - 21 out of 200 successfully perturbed
apgd-t - 15/18 - 31 out of 200 successfully perturbed
apgd-t - 16/18 - 15 out of 200 successfully perturbed
apgd-t - 17/18 - 25 out of 200 successfully perturbed
apgd-t - 18/18 - 17 out of 144 successfully perturbed
robust accuracy after APGD-T: 31.43% (total time 6490.4 s)
fab-t - 1/16 - 0 out of 200 successfully perturbed
fab-t - 2/16 - 0 out of 200 successfully perturbed
fab-t - 3/16 - 0 out of 200 successfully perturbed
fab-t - 4/16 - 0 out of 200 successfully perturbed
fab-t - 5/16 - 0 out of 200 successfully perturbed
fab-t - 6/16 - 0 out of 200 successfully perturbed
fab-t - 7/16 - 0 out of 200 successfully perturbed
fab-t - 8/16 - 0 out of 200 successfully perturbed
fab-t - 9/16 - 0 out of 200 successfully perturbed
fab-t - 10/16 - 0 out of 200 successfully perturbed
fab-t - 11/16 - 0 out of 200 successfully perturbed
fab-t - 12/16 - 0 out of 200 successfully perturbed
fab-t - 13/16 - 0 out of 200 successfully perturbed
fab-t - 14/16 - 0 out of 200 successfully perturbed
fab-t - 15/16 - 0 out of 200 successfully perturbed
fab-t - 16/16 - 0 out of 143 successfully perturbed
robust accuracy after FAB-T: 31.43% (total time 12846.2 s)
square - 1/16 - 0 out of 200 successfully perturbed
square - 2/16 - 0 out of 200 successfully perturbed
square - 3/16 - 0 out of 200 successfully perturbed
square - 4/16 - 0 out of 200 successfully perturbed
square - 5/16 - 0 out of 200 successfully perturbed
square - 6/16 - 0 out of 200 successfully perturbed
square - 7/16 - 0 out of 200 successfully perturbed
square - 8/16 - 0 out of 200 successfully perturbed
square - 9/16 - 0 out of 200 successfully perturbed
square - 10/16 - 0 out of 200 successfully perturbed
square - 11/16 - 0 out of 200 successfully perturbed
square - 12/16 - 0 out of 200 successfully perturbed
square - 13/16 - 0 out of 200 successfully perturbed
square - 14/16 - 0 out of 200 successfully perturbed
square - 15/16 - 0 out of 200 successfully perturbed
square - 16/16 - 0 out of 143 successfully perturbed
robust accuracy after SQUARE: 31.43% (total time 19799.9 s)
max Linf perturbation: 0.03137, nan in tensor: 0, max: 1.00000, min: 0.00000
robust accuracy: 31.43%
