initial accuracy: 64.08%
apgd-ce - 1/33 - 82 out of 200 successfully perturbed
apgd-ce - 2/33 - 90 out of 200 successfully perturbed
apgd-ce - 3/33 - 90 out of 200 successfully perturbed
apgd-ce - 4/33 - 101 out of 200 successfully perturbed
apgd-ce - 5/33 - 87 out of 200 successfully perturbed
apgd-ce - 6/33 - 80 out of 200 successfully perturbed
apgd-ce - 7/33 - 81 out of 200 successfully perturbed
apgd-ce - 8/33 - 83 out of 200 successfully perturbed
apgd-ce - 9/33 - 84 out of 200 successfully perturbed
apgd-ce - 10/33 - 95 out of 200 successfully perturbed
apgd-ce - 11/33 - 89 out of 200 successfully perturbed
apgd-ce - 12/33 - 92 out of 200 successfully perturbed
apgd-ce - 13/33 - 84 out of 200 successfully perturbed
apgd-ce - 14/33 - 88 out of 200 successfully perturbed
apgd-ce - 15/33 - 78 out of 200 successfully perturbed
apgd-ce - 16/33 - 87 out of 200 successfully perturbed
apgd-ce - 17/33 - 79 out of 200 successfully perturbed
apgd-ce - 18/33 - 96 out of 200 successfully perturbed
apgd-ce - 19/33 - 96 out of 200 successfully perturbed
apgd-ce - 20/33 - 84 out of 200 successfully perturbed
apgd-ce - 21/33 - 87 out of 200 successfully perturbed
apgd-ce - 22/33 - 80 out of 200 successfully perturbed
apgd-ce - 23/33 - 81 out of 200 successfully perturbed
apgd-ce - 24/33 - 102 out of 200 successfully perturbed
apgd-ce - 25/33 - 86 out of 200 successfully perturbed
apgd-ce - 26/33 - 91 out of 200 successfully perturbed
apgd-ce - 27/33 - 81 out of 200 successfully perturbed
apgd-ce - 28/33 - 93 out of 200 successfully perturbed
apgd-ce - 29/33 - 91 out of 200 successfully perturbed
apgd-ce - 30/33 - 93 out of 200 successfully perturbed
apgd-ce - 31/33 - 88 out of 200 successfully perturbed
apgd-ce - 32/33 - 93 out of 200 successfully perturbed
apgd-ce - 33/33 - 4 out of 8 successfully perturbed
robust accuracy after APGD-CE: 35.92% (total time 1141.1 s)
apgd-t - 1/18 - 27 out of 200 successfully perturbed
apgd-t - 2/18 - 14 out of 200 successfully perturbed
apgd-t - 3/18 - 27 out of 200 successfully perturbed
apgd-t - 4/18 - 23 out of 200 successfully perturbed
apgd-t - 5/18 - 25 out of 200 successfully perturbed
apgd-t - 6/18 - 22 out of 200 successfully perturbed
apgd-t - 7/18 - 18 out of 200 successfully perturbed
apgd-t - 8/18 - 27 out of 200 successfully perturbed
apgd-t - 9/18 - 23 out of 200 successfully perturbed
apgd-t - 10/18 - 25 out of 200 successfully perturbed
apgd-t - 11/18 - 24 out of 200 successfully perturbed
apgd-t - 12/18 - 27 out of 200 successfully perturbed
apgd-t - 13/18 - 29 out of 200 successfully perturbed
apgd-t - 14/18 - 19 out of 200 successfully perturbed
apgd-t - 15/18 - 26 out of 200 successfully perturbed
apgd-t - 16/18 - 24 out of 200 successfully perturbed
apgd-t - 17/18 - 20 out of 200 successfully perturbed
apgd-t - 18/18 - 27 out of 192 successfully perturbed
robust accuracy after APGD-T: 31.65% (total time 6444.0 s)
fab-t - 1/16 - 0 out of 200 successfully perturbed
fab-t - 2/16 - 0 out of 200 successfully perturbed
fab-t - 3/16 - 0 out of 200 successfully perturbed
fab-t - 4/16 - 0 out of 200 successfully perturbed
fab-t - 5/16 - 0 out of 200 successfully perturbed
fab-t - 6/16 - 0 out of 200 successfully perturbed
fab-t - 7/16 - 0 out of 200 successfully perturbed
fab-t - 8/16 - 0 out of 200 successfully perturbed
fab-t - 9/16 - 0 out of 200 successfully perturbed
fab-t - 10/16 - 0 out of 200 successfully perturbed
fab-t - 11/16 - 0 out of 200 successfully perturbed
fab-t - 12/16 - 0 out of 200 successfully perturbed
fab-t - 13/16 - 0 out of 200 successfully perturbed
fab-t - 14/16 - 0 out of 200 successfully perturbed
fab-t - 15/16 - 0 out of 200 successfully perturbed
fab-t - 16/16 - 0 out of 165 successfully perturbed
robust accuracy after FAB-T: 31.65% (total time 12777.7 s)
square - 1/16 - 0 out of 200 successfully perturbed
square - 2/16 - 0 out of 200 successfully perturbed
square - 3/16 - 0 out of 200 successfully perturbed
square - 4/16 - 0 out of 200 successfully perturbed
square - 5/16 - 0 out of 200 successfully perturbed
square - 6/16 - 0 out of 200 successfully perturbed
square - 7/16 - 0 out of 200 successfully perturbed
square - 8/16 - 0 out of 200 successfully perturbed
square - 9/16 - 0 out of 200 successfully perturbed
square - 10/16 - 0 out of 200 successfully perturbed
square - 11/16 - 0 out of 200 successfully perturbed
square - 12/16 - 0 out of 200 successfully perturbed
square - 13/16 - 0 out of 200 successfully perturbed
square - 14/16 - 0 out of 200 successfully perturbed
square - 15/16 - 0 out of 200 successfully perturbed
square - 16/16 - 0 out of 165 successfully perturbed
robust accuracy after SQUARE: 31.65% (total time 19632.8 s)
max Linf perturbation: 0.03137, nan in tensor: 0, max: 1.00000, min: 0.00000
robust accuracy: 31.65%
