initial accuracy: 92.16%
apgd-ce - 1/47 - 43 out of 200 successfully perturbed
apgd-ce - 2/47 - 52 out of 200 successfully perturbed
apgd-ce - 3/47 - 44 out of 200 successfully perturbed
apgd-ce - 4/47 - 53 out of 200 successfully perturbed
apgd-ce - 5/47 - 46 out of 200 successfully perturbed
apgd-ce - 6/47 - 40 out of 200 successfully perturbed
apgd-ce - 7/47 - 40 out of 200 successfully perturbed
apgd-ce - 8/47 - 49 out of 200 successfully perturbed
apgd-ce - 9/47 - 47 out of 200 successfully perturbed
apgd-ce - 10/47 - 53 out of 200 successfully perturbed
apgd-ce - 11/47 - 41 out of 200 successfully perturbed
apgd-ce - 12/47 - 56 out of 200 successfully perturbed
apgd-ce - 13/47 - 44 out of 200 successfully perturbed
apgd-ce - 14/47 - 43 out of 200 successfully perturbed
apgd-ce - 15/47 - 47 out of 200 successfully perturbed
apgd-ce - 16/47 - 48 out of 200 successfully perturbed
apgd-ce - 17/47 - 41 out of 200 successfully perturbed
apgd-ce - 18/47 - 53 out of 200 successfully perturbed
apgd-ce - 19/47 - 45 out of 200 successfully perturbed
apgd-ce - 20/47 - 35 out of 200 successfully perturbed
apgd-ce - 21/47 - 45 out of 200 successfully perturbed
apgd-ce - 22/47 - 43 out of 200 successfully perturbed
apgd-ce - 23/47 - 54 out of 200 successfully perturbed
apgd-ce - 24/47 - 47 out of 200 successfully perturbed
apgd-ce - 25/47 - 48 out of 200 successfully perturbed
apgd-ce - 26/47 - 52 out of 200 successfully perturbed
apgd-ce - 27/47 - 43 out of 200 successfully perturbed
apgd-ce - 28/47 - 55 out of 200 successfully perturbed
apgd-ce - 29/47 - 46 out of 200 successfully perturbed
apgd-ce - 30/47 - 40 out of 200 successfully perturbed
apgd-ce - 31/47 - 44 out of 200 successfully perturbed
apgd-ce - 32/47 - 58 out of 200 successfully perturbed
apgd-ce - 33/47 - 48 out of 200 successfully perturbed
apgd-ce - 34/47 - 50 out of 200 successfully perturbed
apgd-ce - 35/47 - 62 out of 200 successfully perturbed
apgd-ce - 36/47 - 46 out of 200 successfully perturbed
apgd-ce - 37/47 - 47 out of 200 successfully perturbed
apgd-ce - 38/47 - 46 out of 200 successfully perturbed
apgd-ce - 39/47 - 57 out of 200 successfully perturbed
apgd-ce - 40/47 - 48 out of 200 successfully perturbed
apgd-ce - 41/47 - 51 out of 200 successfully perturbed
apgd-ce - 42/47 - 40 out of 200 successfully perturbed
apgd-ce - 43/47 - 42 out of 200 successfully perturbed
apgd-ce - 44/47 - 49 out of 200 successfully perturbed
apgd-ce - 45/47 - 34 out of 200 successfully perturbed
apgd-ce - 46/47 - 46 out of 200 successfully perturbed
apgd-ce - 47/47 - 2 out of 16 successfully perturbed
robust accuracy after APGD-CE: 70.53% (total time 1535.8 s)
apgd-t - 1/36 - 7 out of 200 successfully perturbed
apgd-t - 2/36 - 7 out of 200 successfully perturbed
apgd-t - 3/36 - 13 out of 200 successfully perturbed
apgd-t - 4/36 - 4 out of 200 successfully perturbed
apgd-t - 5/36 - 5 out of 200 successfully perturbed
apgd-t - 6/36 - 7 out of 200 successfully perturbed
apgd-t - 7/36 - 8 out of 200 successfully perturbed
apgd-t - 8/36 - 5 out of 200 successfully perturbed
apgd-t - 9/36 - 9 out of 200 successfully perturbed
apgd-t - 10/36 - 10 out of 200 successfully perturbed
apgd-t - 11/36 - 7 out of 200 successfully perturbed
apgd-t - 12/36 - 6 out of 200 successfully perturbed
apgd-t - 13/36 - 9 out of 200 successfully perturbed
apgd-t - 14/36 - 9 out of 200 successfully perturbed
apgd-t - 15/36 - 6 out of 200 successfully perturbed
apgd-t - 16/36 - 7 out of 200 successfully perturbed
apgd-t - 17/36 - 6 out of 200 successfully perturbed
apgd-t - 18/36 - 7 out of 200 successfully perturbed
apgd-t - 19/36 - 11 out of 200 successfully perturbed
apgd-t - 20/36 - 6 out of 200 successfully perturbed
apgd-t - 21/36 - 7 out of 200 successfully perturbed
apgd-t - 22/36 - 7 out of 200 successfully perturbed
apgd-t - 23/36 - 16 out of 200 successfully perturbed
apgd-t - 24/36 - 10 out of 200 successfully perturbed
apgd-t - 25/36 - 7 out of 200 successfully perturbed
apgd-t - 26/36 - 9 out of 200 successfully perturbed
apgd-t - 27/36 - 9 out of 200 successfully perturbed
apgd-t - 28/36 - 4 out of 200 successfully perturbed
apgd-t - 29/36 - 3 out of 200 successfully perturbed
apgd-t - 30/36 - 10 out of 200 successfully perturbed
apgd-t - 31/36 - 7 out of 200 successfully perturbed
apgd-t - 32/36 - 9 out of 200 successfully perturbed
apgd-t - 33/36 - 8 out of 200 successfully perturbed
apgd-t - 34/36 - 10 out of 200 successfully perturbed
apgd-t - 35/36 - 15 out of 200 successfully perturbed
apgd-t - 36/36 - 0 out of 53 successfully perturbed
robust accuracy after APGD-T: 67.73% (total time 11808.0 s)
fab-t - 1/34 - 0 out of 200 successfully perturbed
fab-t - 2/34 - 0 out of 200 successfully perturbed
fab-t - 3/34 - 0 out of 200 successfully perturbed
fab-t - 4/34 - 0 out of 200 successfully perturbed
fab-t - 5/34 - 0 out of 200 successfully perturbed
fab-t - 6/34 - 0 out of 200 successfully perturbed
fab-t - 7/34 - 0 out of 200 successfully perturbed
fab-t - 8/34 - 0 out of 200 successfully perturbed
fab-t - 9/34 - 0 out of 200 successfully perturbed
fab-t - 10/34 - 0 out of 200 successfully perturbed
fab-t - 11/34 - 0 out of 200 successfully perturbed
fab-t - 12/34 - 0 out of 200 successfully perturbed
fab-t - 13/34 - 0 out of 200 successfully perturbed
fab-t - 14/34 - 0 out of 200 successfully perturbed
fab-t - 15/34 - 0 out of 200 successfully perturbed
fab-t - 16/34 - 0 out of 200 successfully perturbed
fab-t - 17/34 - 0 out of 200 successfully perturbed
fab-t - 18/34 - 0 out of 200 successfully perturbed
fab-t - 19/34 - 0 out of 200 successfully perturbed
fab-t - 20/34 - 0 out of 200 successfully perturbed
fab-t - 21/34 - 0 out of 200 successfully perturbed
fab-t - 22/34 - 0 out of 200 successfully perturbed
fab-t - 23/34 - 0 out of 200 successfully perturbed
fab-t - 24/34 - 0 out of 200 successfully perturbed
fab-t - 25/34 - 0 out of 200 successfully perturbed
fab-t - 26/34 - 0 out of 200 successfully perturbed
fab-t - 27/34 - 0 out of 200 successfully perturbed
fab-t - 28/34 - 0 out of 200 successfully perturbed
fab-t - 29/34 - 0 out of 200 successfully perturbed
fab-t - 30/34 - 0 out of 200 successfully perturbed
fab-t - 31/34 - 0 out of 200 successfully perturbed
fab-t - 32/34 - 0 out of 200 successfully perturbed
fab-t - 33/34 - 0 out of 200 successfully perturbed
fab-t - 34/34 - 0 out of 173 successfully perturbed
robust accuracy after FAB-T: 67.73% (total time 24723.8 s)
square - 1/34 - 0 out of 200 successfully perturbed
square - 2/34 - 0 out of 200 successfully perturbed
square - 3/34 - 0 out of 200 successfully perturbed
square - 4/34 - 0 out of 200 successfully perturbed
square - 5/34 - 0 out of 200 successfully perturbed
square - 6/34 - 0 out of 200 successfully perturbed
square - 7/34 - 0 out of 200 successfully perturbed
square - 8/34 - 0 out of 200 successfully perturbed
square - 9/34 - 0 out of 200 successfully perturbed
square - 10/34 - 0 out of 200 successfully perturbed
square - 11/34 - 0 out of 200 successfully perturbed
square - 12/34 - 0 out of 200 successfully perturbed
square - 13/34 - 0 out of 200 successfully perturbed
square - 14/34 - 0 out of 200 successfully perturbed
square - 15/34 - 0 out of 200 successfully perturbed
square - 16/34 - 0 out of 200 successfully perturbed
square - 17/34 - 0 out of 200 successfully perturbed
square - 18/34 - 0 out of 200 successfully perturbed
square - 19/34 - 0 out of 200 successfully perturbed
square - 20/34 - 0 out of 200 successfully perturbed
square - 21/34 - 0 out of 200 successfully perturbed
square - 22/34 - 0 out of 200 successfully perturbed
square - 23/34 - 0 out of 200 successfully perturbed
square - 24/34 - 0 out of 200 successfully perturbed
square - 25/34 - 0 out of 200 successfully perturbed
square - 26/34 - 0 out of 200 successfully perturbed
square - 27/34 - 0 out of 200 successfully perturbed
square - 28/34 - 0 out of 200 successfully perturbed
square - 29/34 - 0 out of 200 successfully perturbed
square - 30/34 - 0 out of 200 successfully perturbed
square - 31/34 - 0 out of 200 successfully perturbed
square - 32/34 - 0 out of 200 successfully perturbed
square - 33/34 - 0 out of 200 successfully perturbed
square - 34/34 - 0 out of 173 successfully perturbed
robust accuracy after SQUARE: 67.73% (total time 39729.0 s)
max Linf perturbation: 0.03137, nan in tensor: 0, max: 1.00000, min: 0.00000
robust accuracy: 67.73%
