initial accuracy: 73.85%
apgd-ce - 1/37 - 79 out of 200 successfully perturbed
apgd-ce - 2/37 - 85 out of 200 successfully perturbed
apgd-ce - 3/37 - 82 out of 200 successfully perturbed
apgd-ce - 4/37 - 89 out of 200 successfully perturbed
apgd-ce - 5/37 - 98 out of 200 successfully perturbed
apgd-ce - 6/37 - 80 out of 200 successfully perturbed
apgd-ce - 7/37 - 77 out of 200 successfully perturbed
apgd-ce - 8/37 - 76 out of 200 successfully perturbed
apgd-ce - 9/37 - 76 out of 200 successfully perturbed
apgd-ce - 10/37 - 88 out of 200 successfully perturbed
apgd-ce - 11/37 - 75 out of 200 successfully perturbed
apgd-ce - 12/37 - 95 out of 200 successfully perturbed
apgd-ce - 13/37 - 74 out of 200 successfully perturbed
apgd-ce - 14/37 - 74 out of 200 successfully perturbed
apgd-ce - 15/37 - 83 out of 200 successfully perturbed
apgd-ce - 16/37 - 80 out of 200 successfully perturbed
apgd-ce - 17/37 - 74 out of 200 successfully perturbed
apgd-ce - 18/37 - 85 out of 200 successfully perturbed
apgd-ce - 19/37 - 82 out of 200 successfully perturbed
apgd-ce - 20/37 - 89 out of 200 successfully perturbed
apgd-ce - 21/37 - 77 out of 200 successfully perturbed
apgd-ce - 22/37 - 81 out of 200 successfully perturbed
apgd-ce - 23/37 - 81 out of 200 successfully perturbed
apgd-ce - 24/37 - 73 out of 200 successfully perturbed
apgd-ce - 25/37 - 68 out of 200 successfully perturbed
apgd-ce - 26/37 - 73 out of 200 successfully perturbed
apgd-ce - 27/37 - 95 out of 200 successfully perturbed
apgd-ce - 28/37 - 88 out of 200 successfully perturbed
apgd-ce - 29/37 - 85 out of 200 successfully perturbed
apgd-ce - 30/37 - 73 out of 200 successfully perturbed
apgd-ce - 31/37 - 87 out of 200 successfully perturbed
apgd-ce - 32/37 - 77 out of 200 successfully perturbed
apgd-ce - 33/37 - 78 out of 200 successfully perturbed
apgd-ce - 34/37 - 86 out of 200 successfully perturbed
apgd-ce - 35/37 - 86 out of 200 successfully perturbed
apgd-ce - 36/37 - 68 out of 200 successfully perturbed
apgd-ce - 37/37 - 82 out of 185 successfully perturbed
robust accuracy after APGD-CE: 43.86% (total time 1227.4 s)
apgd-t - 1/22 - 23 out of 200 successfully perturbed
apgd-t - 2/22 - 16 out of 200 successfully perturbed
apgd-t - 3/22 - 21 out of 200 successfully perturbed
apgd-t - 4/22 - 22 out of 200 successfully perturbed
apgd-t - 5/22 - 22 out of 200 successfully perturbed
apgd-t - 6/22 - 22 out of 200 successfully perturbed
apgd-t - 7/22 - 19 out of 200 successfully perturbed
apgd-t - 8/22 - 25 out of 200 successfully perturbed
apgd-t - 9/22 - 16 out of 200 successfully perturbed
apgd-t - 10/22 - 28 out of 200 successfully perturbed
apgd-t - 11/22 - 25 out of 200 successfully perturbed
apgd-t - 12/22 - 24 out of 200 successfully perturbed
apgd-t - 13/22 - 15 out of 200 successfully perturbed
apgd-t - 14/22 - 25 out of 200 successfully perturbed
apgd-t - 15/22 - 21 out of 200 successfully perturbed
apgd-t - 16/22 - 25 out of 200 successfully perturbed
apgd-t - 17/22 - 18 out of 200 successfully perturbed
apgd-t - 18/22 - 25 out of 200 successfully perturbed
apgd-t - 19/22 - 21 out of 200 successfully perturbed
apgd-t - 20/22 - 23 out of 200 successfully perturbed
apgd-t - 21/22 - 15 out of 200 successfully perturbed
apgd-t - 22/22 - 17 out of 186 successfully perturbed
robust accuracy after APGD-T: 39.18% (total time 7258.8 s)
fab-t - 1/20 - 0 out of 200 successfully perturbed
fab-t - 2/20 - 0 out of 200 successfully perturbed
fab-t - 3/20 - 0 out of 200 successfully perturbed
fab-t - 4/20 - 0 out of 200 successfully perturbed
fab-t - 5/20 - 0 out of 200 successfully perturbed
fab-t - 6/20 - 0 out of 200 successfully perturbed
fab-t - 7/20 - 0 out of 200 successfully perturbed
fab-t - 8/20 - 0 out of 200 successfully perturbed
fab-t - 9/20 - 0 out of 200 successfully perturbed
fab-t - 10/20 - 0 out of 200 successfully perturbed
fab-t - 11/20 - 0 out of 200 successfully perturbed
fab-t - 12/20 - 0 out of 200 successfully perturbed
fab-t - 13/20 - 0 out of 200 successfully perturbed
fab-t - 14/20 - 0 out of 200 successfully perturbed
fab-t - 15/20 - 0 out of 200 successfully perturbed
fab-t - 16/20 - 0 out of 200 successfully perturbed
fab-t - 17/20 - 0 out of 200 successfully perturbed
fab-t - 18/20 - 0 out of 200 successfully perturbed
fab-t - 19/20 - 0 out of 200 successfully perturbed
fab-t - 20/20 - 0 out of 118 successfully perturbed
robust accuracy after FAB-T: 39.18% (total time 14746.5 s)
square - 1/20 - 0 out of 200 successfully perturbed
square - 2/20 - 0 out of 200 successfully perturbed
square - 3/20 - 0 out of 200 successfully perturbed
square - 4/20 - 0 out of 200 successfully perturbed
square - 5/20 - 0 out of 200 successfully perturbed
square - 6/20 - 0 out of 200 successfully perturbed
square - 7/20 - 0 out of 200 successfully perturbed
square - 8/20 - 0 out of 200 successfully perturbed
square - 9/20 - 0 out of 200 successfully perturbed
square - 10/20 - 0 out of 200 successfully perturbed
square - 11/20 - 0 out of 200 successfully perturbed
square - 12/20 - 0 out of 200 successfully perturbed
square - 13/20 - 0 out of 200 successfully perturbed
square - 14/20 - 0 out of 200 successfully perturbed
square - 15/20 - 0 out of 200 successfully perturbed
square - 16/20 - 0 out of 200 successfully perturbed
square - 17/20 - 0 out of 200 successfully perturbed
square - 18/20 - 0 out of 200 successfully perturbed
square - 19/20 - 0 out of 200 successfully perturbed
square - 20/20 - 0 out of 118 successfully perturbed
robust accuracy after SQUARE: 39.18% (total time 23506.5 s)
max Linf perturbation: 0.03137, nan in tensor: 0, max: 1.00000, min: 0.00000
robust accuracy: 39.18%
